2025-08-05 00:58:54,146 - surveillance_engine - INFO - Starting audio surveillance session: audio_20250805_005854
2025-08-05 00:58:54,146 - surveillance_engine - INFO - Starting screen surveillance session: screen_20250805_005854
2025-08-05 00:58:54,146 - surveillance_engine - INFO - Starting keylogger surveillance session: keylog_20250805_005854
2025-08-05 00:58:54,146 - surveillance_engine - INFO - Audio recording task started for session audio_20250805_005854
2025-08-05 00:58:54,146 - surveillance_engine - INFO - Screen capture task started for session screen_20250805_005854
2025-08-05 00:58:55,999 - surveillance_engine - INFO - Keylogger task started for session keylog_20250805_005854
2025-08-05 00:58:56,202 - surveillance_engine - INFO - Audio surveillance session audio_20250805_005854 ended
2025-08-05 00:58:58,994 - surveillance_engine - INFO - Stopped 2 surveillance sessions
2025-08-05 00:58:58,994 - surveillance_engine - INFO - Starting screen surveillance session: screen_20250805_005858
2025-08-05 00:58:58,994 - surveillance_engine - INFO - Starting screen surveillance session: screen_20250805_005858
2025-08-05 00:58:58,995 - surveillance_engine - INFO - Screen capture task started for session screen_20250805_005858
2025-08-05 00:58:58,995 - surveillance_engine - INFO - Screen capture task started for session screen_20250805_005858
2025-08-05 00:59:03,776 - surveillance_engine - INFO - Screen surveillance session screen_20250805_005854 ended
2025-08-05 00:59:03,776 - surveillance_engine - INFO - Screen surveillance session screen_20250805_005854 ended
2025-08-05 00:59:03,777 - surveillance_engine - INFO - Keylogger surveillance session keylog_20250805_005854 ended
2025-08-05 00:59:03,777 - surveillance_engine - INFO - Keylogger surveillance session keylog_20250805_005854 ended
2025-08-05 00:59:03,777 - surveillance_engine - INFO - Screen surveillance session screen_20250805_005858 ended
2025-08-05 00:59:03,777 - surveillance_engine - INFO - Screen surveillance session screen_20250805_005858 ended
2025-08-05 01:00:12,088 - surveillance_engine - INFO - Starting audio surveillance session: audio_20250805_010012
2025-08-05 01:00:12,089 - surveillance_engine - INFO - Starting screen surveillance session: screen_20250805_010012
2025-08-05 01:00:12,089 - surveillance_engine - INFO - Starting keylogger surveillance session: keylog_20250805_010012
2025-08-05 01:00:12,089 - surveillance_engine - INFO - Audio recording task started for session audio_20250805_010012
2025-08-05 01:00:12,089 - surveillance_engine - INFO - Screen capture task started for session screen_20250805_010012
2025-08-05 01:00:13,157 - surveillance_engine - INFO - Keylogger task started for session keylog_20250805_010012
2025-08-05 01:00:15,188 - surveillance_engine - INFO - Audio surveillance session audio_20250805_010012 ended
2025-08-05 01:00:15,190 - surveillance_engine - INFO - Stopped 2 surveillance sessions
2025-08-05 01:00:15,191 - surveillance_engine - INFO - Starting screen surveillance session: screen_20250805_010015
2025-08-05 01:00:15,191 - surveillance_engine - INFO - Starting screen surveillance session: screen_20250805_010015
2025-08-05 01:00:15,191 - surveillance_engine - INFO - Screen capture task started for session screen_20250805_010015
2025-08-05 01:00:15,191 - surveillance_engine - INFO - Screen capture task started for session screen_20250805_010015
2025-08-05 01:00:20,247 - surveillance_engine - INFO - Stopped 1 surveillance sessions
2025-08-05 01:00:20,247 - surveillance_engine - INFO - Stopped 1 surveillance sessions
2025-08-05 01:00:20,248 - surveillance_engine - INFO - Screen surveillance session screen_20250805_010015 ended
2025-08-05 01:00:20,248 - surveillance_engine - INFO - Screen surveillance session screen_20250805_010015 ended
2025-08-05 01:00:20,248 - surveillance_engine - INFO - Screen surveillance session screen_20250805_010012 ended
2025-08-05 01:00:20,248 - surveillance_engine - INFO - Screen surveillance session screen_20250805_010012 ended
2025-08-05 01:00:20,248 - surveillance_engine - INFO - Keylogger surveillance session keylog_20250805_010012 ended
2025-08-05 01:00:20,248 - surveillance_engine - INFO - Keylogger surveillance session keylog_20250805_010012 ended
2025-08-05 01:02:58,254 - surveillance_engine - INFO - Starting audio surveillance session: audio_20250805_010258
2025-08-05 01:02:58,254 - surveillance_engine - INFO - Starting audio surveillance session: audio_20250805_010258
2025-08-05 01:02:58,255 - surveillance_engine - INFO - Starting screen surveillance session: screen_20250805_010258
2025-08-05 01:02:58,255 - surveillance_engine - INFO - Starting screen surveillance session: screen_20250805_010258
2025-08-05 01:02:58,256 - surveillance_engine - INFO - Starting keylogger surveillance session: keylog_20250805_010258
2025-08-05 01:02:58,256 - surveillance_engine - INFO - Starting keylogger surveillance session: keylog_20250805_010258
2025-08-05 01:02:58,257 - surveillance_engine - INFO - Audio recording task started for session audio_20250805_010258
2025-08-05 01:02:58,257 - surveillance_engine - INFO - Audio recording task started for session audio_20250805_010258
2025-08-05 01:02:58,257 - surveillance_engine - INFO - Screen capture task started for session screen_20250805_010258
2025-08-05 01:02:58,257 - surveillance_engine - INFO - Screen capture task started for session screen_20250805_010258
2025-08-05 01:02:59,402 - surveillance_engine - INFO - Keylogger task started for session keylog_20250805_010258
2025-08-05 01:02:59,402 - surveillance_engine - INFO - Keylogger task started for session keylog_20250805_010258
2025-08-05 01:03:00,314 - surveillance_engine - INFO - Audio surveillance session audio_20250805_010258 ended
2025-08-05 01:03:00,314 - surveillance_engine - INFO - Audio surveillance session audio_20250805_010258 ended
2025-08-05 01:03:01,503 - surveillance_engine - INFO - Stopped 2 surveillance sessions
2025-08-05 01:03:01,503 - surveillance_engine - INFO - Stopped 2 surveillance sessions
2025-08-05 01:03:01,504 - surveillance_engine - INFO - Starting screen surveillance session: screen_20250805_010301
2025-08-05 01:03:01,504 - surveillance_engine - INFO - Starting screen surveillance session: screen_20250805_010301
2025-08-05 01:03:01,504 - surveillance_engine - INFO - Starting screen surveillance session: screen_20250805_010301
2025-08-05 01:03:01,504 - surveillance_engine - INFO - Screen capture task started for session screen_20250805_010301
2025-08-05 01:03:01,504 - surveillance_engine - INFO - Screen capture task started for session screen_20250805_010301
2025-08-05 01:03:01,504 - surveillance_engine - INFO - Screen capture task started for session screen_20250805_010301
2025-08-05 01:03:06,688 - surveillance_engine - INFO - Stopped 1 surveillance sessions
2025-08-05 01:03:06,688 - surveillance_engine - INFO - Stopped 1 surveillance sessions
2025-08-05 01:03:06,688 - surveillance_engine - INFO - Stopped 1 surveillance sessions
2025-08-05 01:03:06,689 - surveillance_engine - INFO - Screen surveillance session screen_20250805_010301 ended
2025-08-05 01:03:06,689 - surveillance_engine - INFO - Screen surveillance session screen_20250805_010301 ended
2025-08-05 01:03:06,689 - surveillance_engine - INFO - Screen surveillance session screen_20250805_010301 ended
2025-08-05 01:03:06,689 - surveillance_engine - INFO - Screen surveillance session screen_20250805_010258 ended
2025-08-05 01:03:06,689 - surveillance_engine - INFO - Screen surveillance session screen_20250805_010258 ended
2025-08-05 01:03:06,689 - surveillance_engine - INFO - Screen surveillance session screen_20250805_010258 ended
2025-08-05 01:03:06,689 - surveillance_engine - INFO - Keylogger surveillance session keylog_20250805_010258 ended
2025-08-05 01:03:06,689 - surveillance_engine - INFO - Keylogger surveillance session keylog_20250805_010258 ended
2025-08-05 01:03:06,689 - surveillance_engine - INFO - Keylogger surveillance session keylog_20250805_010258 ended
2025-08-05 01:06:46,557 - surveillance_engine - INFO - Starting audio surveillance session: audio_20250805_010646
2025-08-05 01:06:46,557 - surveillance_engine - INFO - Starting audio surveillance session: audio_20250805_010646
2025-08-05 01:06:46,559 - surveillance_engine - INFO - Starting screen surveillance session: screen_20250805_010646
2025-08-05 01:06:46,559 - surveillance_engine - INFO - Starting screen surveillance session: screen_20250805_010646
2025-08-05 01:06:46,560 - surveillance_engine - INFO - Starting keylogger surveillance session: keylog_20250805_010646
2025-08-05 01:06:46,560 - surveillance_engine - INFO - Starting keylogger surveillance session: keylog_20250805_010646
2025-08-05 01:06:46,560 - surveillance_engine - INFO - Audio recording task started for session audio_20250805_010646
2025-08-05 01:06:46,560 - surveillance_engine - INFO - Audio recording task started for session audio_20250805_010646
2025-08-05 01:06:46,560 - surveillance_engine - INFO - Screen capture task started for session screen_20250805_010646
2025-08-05 01:06:46,560 - surveillance_engine - INFO - Screen capture task started for session screen_20250805_010646
2025-08-05 01:06:47,649 - surveillance_engine - INFO - Keylogger task started for session keylog_20250805_010646
2025-08-05 01:06:47,649 - surveillance_engine - INFO - Keylogger task started for session keylog_20250805_010646
2025-08-05 01:06:49,871 - surveillance_engine - INFO - Audio surveillance session audio_20250805_010646 ended
2025-08-05 01:06:49,871 - surveillance_engine - INFO - Audio surveillance session audio_20250805_010646 ended
2025-08-05 01:06:49,875 - surveillance_engine - INFO - Stopped 2 surveillance sessions
2025-08-05 01:06:49,875 - surveillance_engine - INFO - Stopped 2 surveillance sessions
2025-08-05 01:06:49,876 - surveillance_engine - INFO - Starting screen surveillance session: screen_20250805_010649
2025-08-05 01:06:49,876 - surveillance_engine - INFO - Starting screen surveillance session: screen_20250805_010649
2025-08-05 01:06:49,876 - surveillance_engine - INFO - Starting screen surveillance session: screen_20250805_010649
2025-08-05 01:06:49,876 - surveillance_engine - INFO - Screen capture task started for session screen_20250805_010649
2025-08-05 01:06:49,876 - surveillance_engine - INFO - Screen capture task started for session screen_20250805_010649
2025-08-05 01:06:49,876 - surveillance_engine - INFO - Screen capture task started for session screen_20250805_010649
2025-08-05 01:06:54,772 - surveillance_engine - INFO - Stopped 1 surveillance sessions
2025-08-05 01:06:54,772 - surveillance_engine - INFO - Stopped 1 surveillance sessions
2025-08-05 01:06:54,772 - surveillance_engine - INFO - Stopped 1 surveillance sessions
2025-08-05 01:06:54,774 - surveillance_engine - INFO - Screen surveillance session screen_20250805_010649 ended
2025-08-05 01:06:54,774 - surveillance_engine - INFO - Screen surveillance session screen_20250805_010649 ended
2025-08-05 01:06:54,774 - surveillance_engine - INFO - Screen surveillance session screen_20250805_010649 ended
2025-08-05 01:06:54,774 - surveillance_engine - INFO - Screen surveillance session screen_20250805_010646 ended
2025-08-05 01:06:54,774 - surveillance_engine - INFO - Screen surveillance session screen_20250805_010646 ended
2025-08-05 01:06:54,774 - surveillance_engine - INFO - Screen surveillance session screen_20250805_010646 ended
2025-08-05 01:06:54,774 - surveillance_engine - INFO - Keylogger surveillance session keylog_20250805_010646 ended
2025-08-05 01:06:54,774 - surveillance_engine - INFO - Keylogger surveillance session keylog_20250805_010646 ended
2025-08-05 01:06:54,774 - surveillance_engine - INFO - Keylogger surveillance session keylog_20250805_010646 ended
2025-08-05 01:13:07,752 - surveillance_engine - INFO - Starting video surveillance session: video_20250805_011307
2025-08-05 01:13:07,767 - surveillance_engine - INFO - Video recording task started for session video_20250805_011307
2025-08-05 01:13:08,039 - surveillance_engine - ERROR - Cannot open camera 0
2025-08-05 01:13:08,041 - surveillance_engine - INFO - Video surveillance session video_20250805_011307 ended
2025-08-05 01:13:15,843 - surveillance_engine - INFO - Starting audio surveillance session: audio_20250805_011315
2025-08-05 01:13:15,865 - surveillance_engine - INFO - Audio recording task started for session audio_20250805_011315
2025-08-05 01:13:21,991 - surveillance_engine - INFO - Audio surveillance session audio_20250805_011315 ended
